BEST CHR INDEX : 70
1	1	0	0	1	0	1	1	0	0	0	1	1	1	0	1	1	1	1	1	0	0	1	1	1	1	0	1	0	1	0	0	1	1	1	0	0	1	1	1	0	1	1	1	1	0	1	0	1	0	0	1	1	1	1	1	1	1	1	1	0	0	1	0	0	1	1	1	1	1	0	1	1	0	1	1	1	0	(0.824322)

----------------------
BEST CHR INDEX : 50
1	1	1	0	1	1	1	0	1	0	1	1	1	1	0	0	1	1	0	0	1	0	1	0	0	0	0	1	1	1	1	1	1	0	0	0	1	1	1	0	0	1	0	0	0	1	0	0	1	1	1	1	0	0	0	1	1	1	0	0	1	1	1	1	1	1	0	1	1	0	0	0	0	1	1	1	0	0	(0.80303)

----------------------
BEST CHR INDEX : 54
1	1	1	0	1	1	1	0	1	0	1	1	1	1	1	0	1	1	0	0	1	0	1	0	0	0	0	0	1	1	1	1	1	0	0	0	1	1	1	1	0	1	0	0	0	1	0	1	0	0	1	1	0	0	0	1	1	1	0	0	1	1	1	1	1	1	0	1	1	0	0	0	1	1	0	1	0	1	(0.871658)

----------------------
BEST CHR INDEX : 97
1	1	1	0	1	1	1	0	1	0	1	1	1	1	1	0	0	1	0	0	1	0	1	0	0	0	0	0	1	1	1	1	1	1	0	0	0	1	1	1	1	1	0	0	0	1	0	0	1	0	1	1	0	0	0	1	0	1	0	0	1	1	1	1	1	1	0	1	1	0	0	0	1	1	0	1	0	1	(0.821747)

----------------------
BEST CHR INDEX : 38
1	1	0	0	0	1	0	0	1	1	1	0	0	0	0	1	1	1	1	1	0	0	1	1	1	1	0	1	1	1	0	0	1	1	1	1	1	1	1	1	1	1	0	0	1	1	1	1	1	1	0	0	1	1	0	0	0	0	1	0	1	0	1	1	1	1	0	0	1	0	1	1	1	1	0	1	1	1	(0.835943)

----------------------
BEST CHR INDEX : 12
1	1	1	1	0	1	1	0	1	0	0	0	0	0	1	1	1	1	0	0	0	0	0	0	1	1	0	1	0	0	0	0	1	0	0	1	0	1	0	1	1	1	1	1	0	1	1	0	0	1	0	1	1	1	1	1	0	0	0	1	0	1	1	1	1	0	1	0	0	1	0	0	1	0	1	1	1	0	(0.790288)

----------------------
BEST CHR INDEX : 87
1	1	1	1	0	1	0	1	0	1	0	0	0	1	0	1	1	1	0	1	1	1	0	1	0	0	1	0	0	1	1	0	1	1	1	1	1	1	0	1	1	1	0	0	0	0	0	0	1	1	0	1	0	1	0	1	1	0	1	1	1	1	0	1	1	0	1	1	0	0	0	0	0	0	1	0	0	0	(0.836453)

----------------------
BEST CHR INDEX : 10
1	1	0	1	1	1	1	1	1	1	0	0	1	1	1	0	0	0	1	0	0	0	0	1	1	1	0	0	0	1	0	0	1	0	1	1	1	0	1	1	1	1	1	1	1	0	1	1	0	1	0	1	0	1	1	0	0	0	0	1	0	1	1	0	0	1	1	1	1	1	0	1	1	1	1	1	1	1	(0.800295)

----------------------
BEST CHR INDEX : 77
1	1	0	1	0	0	1	1	1	0	0	1	1	1	1	0	0	1	0	1	0	1	1	0	1	1	1	1	0	0	0	0	0	0	1	1	1	0	1	0	0	0	0	1	1	1	0	1	0	0	1	1	1	0	0	1	1	1	1	1	0	0	1	1	1	1	1	1	0	1	0	0	0	0	1	1	0	0	(0.841304)

----------------------
BEST CHR INDEX : 31
1	1	1	1	1	1	1	1	0	1	1	0	0	0	0	1	0	1	0	1	1	0	0	1	1	0	0	1	1	0	0	0	0	1	0	1	0	0	1	0	0	1	0	0	1	0	1	1	0	1	1	0	1	0	0	1	1	1	1	0	1	1	0	1	1	0	0	0	0	1	0	0	1	1	1	0	1	1	(0.803327)

----------------------
BEST CHR INDEX : 56
1	1	1	0	0	1	0	1	1	1	1	1	1	0	1	0	1	1	0	0	0	0	1	0	1	0	0	0	1	1	1	0	1	1	0	0	0	1	1	1	0	1	1	0	0	1	1	1	0	1	1	1	0	1	1	1	1	0	0	0	0	1	0	0	1	0	0	1	0	1	1	1	1	1	1	1	1	0	(0.825201)

----------------------
BEST CHR INDEX : 47
1	1	1	1	1	1	0	1	1	1	0	0	1	0	0	0	1	1	1	0	1	1	1	1	1	1	0	0	0	0	1	0	1	1	1	0	0	1	1	0	0	1	1	0	1	1	0	0	1	1	0	0	0	1	0	1	0	0	0	0	0	1	1	0	0	0	0	0	1	1	0	1	1	0	0	1	1	1	(0.832888)

----------------------
BEST CHR INDEX : 27
1	1	1	1	1	1	0	0	1	1	1	1	1	0	0	0	1	0	1	0	1	1	1	1	1	0	0	1	0	0	1	0	1	1	0	1	0	0	1	0	0	1	1	1	1	1	0	0	1	0	0	0	0	1	0	0	0	0	0	0	0	1	1	0	0	0	0	0	1	1	1	1	1	0	1	1	1	0	(0.833068)

----------------------
BEST CHR INDEX : 86
1	1	0	0	1	0	0	1	1	1	0	0	1	1	1	0	0	1	0	1	0	1	0	1	1	1	1	1	1	1	1	1	1	1	0	1	1	0	1	1	1	0	1	0	1	1	0	0	0	0	1	0	1	1	0	1	1	0	0	0	1	0	1	0	0	1	1	1	1	0	0	0	1	0	0	1	1	0	(0.827094)

----------------------
BEST CHR INDEX : 26
1	1	1	1	0	0	1	1	0	1	1	1	0	0	1	0	1	0	1	0	1	0	0	0	1	1	0	0	1	1	1	0	1	0	0	1	0	0	1	0	0	1	0	0	0	0	0	0	0	1	0	0	1	1	1	1	1	0	1	0	1	1	0	1	0	0	1	1	0	1	0	0	0	0	1	1	1	1	(0.838201)

----------------------
BEST CHR INDEX : 30
1	1	1	1	1	1	0	1	1	0	0	1	1	1	1	1	1	0	1	0	0	1	1	1	0	1	0	0	1	0	0	0	1	1	0	1	1	0	1	0	0	0	0	1	1	0	0	1	0	0	1	0	0	0	0	1	1	0	0	0	0	1	0	0	1	1	0	1	1	1	0	0	0	1	0	0	1	0	(0.846428)

----------------------
BEST CHR INDEX : 36
0	1	1	1	1	1	0	1	1	0	1	0	1	0	1	0	1	1	1	0	1	1	1	1	0	1	0	0	1	0	0	0	1	1	0	1	1	0	1	1	0	0	0	1	0	0	0	1	1	1	1	1	0	0	1	1	1	0	0	0	0	1	0	0	1	1	0	1	1	0	0	1	1	1	0	0	0	0	(0.832145)

----------------------
BEST CHR INDEX : 43
1	1	1	1	0	0	1	1	0	1	1	1	0	1	1	1	1	1	1	0	1	1	0	0	1	1	0	1	1	1	0	0	0	0	1	0	0	1	0	1	0	1	1	0	1	1	0	0	0	1	0	1	0	0	0	0	0	1	0	0	0	0	0	1	0	1	1	0	1	1	1	1	1	0	1	0	1	1	(0.842984)

----------------------
BEST CHR INDEX : 98
1	1	1	1	1	1	0	0	1	1	0	1	1	1	1	0	0	0	0	1	0	1	0	0	1	0	1	0	1	0	0	0	1	0	1	0	0	0	0	1	0	1	0	0	0	1	1	0	0	0	0	0	0	0	0	0	1	0	0	0	0	1	0	1	0	1	0	1	1	0	0	1	1	1	1	0	1	1	(0.835841)

----------------------
BEST CHR INDEX : 72
1	1	0	1	1	1	1	1	0	1	1	1	0	1	0	1	1	0	1	1	0	0	1	0	0	1	1	0	0	1	0	0	0	0	0	1	1	0	1	1	0	1	1	0	0	1	1	1	1	0	0	0	1	1	1	1	1	0	0	1	1	1	1	0	0	0	1	1	0	1	1	0	1	1	1	0	0	1	(0.848373)

----------------------
BEST CHR INDEX : 46
1	1	1	1	1	0	0	1	1	1	1	1	0	1	0	0	1	0	0	1	0	1	1	1	0	1	0	0	1	1	0	1	1	0	1	1	1	1	1	1	0	1	0	1	1	1	0	0	1	1	1	1	1	1	1	1	0	0	1	0	0	0	1	0	1	0	1	1	1	1	0	0	1	0	0	1	0	1	(0.852603)

----------------------
BEST CHR INDEX : 17
1	1	0	0	1	0	0	1	0	1	1	1	1	1	0	0	1	1	0	0	0	0	1	1	0	1	0	1	1	0	0	0	1	1	1	0	1	1	0	1	1	1	1	1	0	1	0	0	0	0	0	1	0	1	1	1	0	0	1	0	0	1	0	0	1	1	0	0	1	0	0	0	0	0	0	0	0	0	(0.82162)

----------------------
BEST CHR INDEX : 11
1	1	1	0	1	1	1	1	0	0	1	0	0	1	1	1	0	1	0	0	1	1	0	0	1	1	0	1	0	1	1	0	0	1	0	1	0	0	1	0	0	1	0	0	1	0	1	1	0	0	0	1	0	1	1	0	0	0	1	0	0	0	1	1	1	1	0	0	1	0	1	1	1	0	0	1	1	0	(0.835491)

----------------------
BEST CHR INDEX : 42
1	1	1	1	1	0	0	1	1	1	0	1	1	1	0	0	0	0	1	0	0	0	0	1	0	0	0	1	0	0	0	0	0	0	0	1	1	0	0	0	1	1	0	1	1	1	0	0	0	0	0	0	0	0	0	1	1	0	0	0	1	1	1	1	0	0	1	1	1	1	1	0	1	1	1	1	0	1	(0.822877)

----------------------
BEST CHR INDEX : 35
1	1	1	1	1	0	0	1	1	1	1	1	1	1	1	0	1	0	1	1	1	1	1	0	1	0	0	0	1	0	0	1	1	1	0	0	1	0	1	1	1	1	0	1	1	0	0	0	0	0	0	1	1	1	0	1	1	0	0	0	0	1	1	0	1	1	1	1	0	0	1	0	1	0	1	1	0	0	(0.847426)

----------------------
BEST CHR INDEX : 91
1	1	1	0	0	0	1	1	0	1	1	1	1	1	1	1	0	0	0	1	1	1	1	1	1	0	0	1	0	1	1	0	1	0	0	1	1	1	1	0	0	1	1	1	0	1	0	1	0	0	0	0	0	0	0	1	1	0	1	0	0	1	0	1	0	0	0	1	1	1	1	0	0	0	0	1	1	0	(0.84284)

----------------------
BEST CHR INDEX : 80
1	1	1	0	1	1	1	0	0	1	1	1	1	1	0	1	0	1	0	0	1	1	0	0	1	1	0	0	1	0	1	0	1	1	0	0	1	0	0	1	1	0	1	1	1	0	0	0	0	0	1	1	1	1	0	1	0	0	0	0	1	1	1	1	0	0	0	0	1	1	1	0	1	1	1	0	1	0	(0.816247)

----------------------
BEST CHR INDEX : 82
1	1	0	1	1	1	0	1	1	0	1	1	1	0	0	1	0	0	1	1	1	0	1	1	1	1	1	0	0	1	1	0	1	1	1	1	1	0	1	0	1	1	0	0	0	1	0	1	1	1	1	1	0	1	1	1	1	0	0	0	1	0	1	1	0	0	1	0	1	1	1	0	0	0	1	1	1	0	(0.852603)

----------------------
BEST CHR INDEX : 16
1	1	0	1	0	1	1	1	1	0	1	0	1	0	1	0	1	0	1	0	0	1	0	1	0	1	0	1	0	0	0	1	0	1	1	1	1	1	0	1	1	0	0	0	0	1	0	0	0	0	0	0	1	1	0	1	0	0	1	0	0	1	1	0	1	0	1	1	0	1	0	1	1	1	0	1	1	0	(0.808753)

----------------------
BEST CHR INDEX : 57
1	1	0	1	1	1	0	0	0	0	1	1	1	1	1	0	0	0	1	1	1	1	0	0	1	0	0	1	1	0	1	0	0	1	1	1	1	0	1	1	0	0	0	1	1	1	0	0	1	1	0	1	0	1	1	0	0	0	1	0	0	1	0	1	1	1	1	0	1	1	0	0	0	1	0	0	1	0	(0.815062)

----------------------
BEST CHR INDEX : 14
1	1	1	1	1	1	1	1	0	1	0	1	0	1	1	0	1	1	1	1	0	0	0	1	0	0	0	0	1	1	0	0	0	1	0	1	1	0	0	0	1	1	1	1	0	0	0	0	0	0	1	0	1	1	0	0	0	0	0	0	0	0	0	1	0	1	1	1	1	1	1	1	0	1	1	0	1	0	(0.824796)

----------------------
BEST CHR INDEX : 91
1	1	0	0	0	1	0	1	1	1	0	0	1	0	0	1	0	1	1	1	1	0	1	1	0	0	0	0	0	1	0	0	1	1	0	1	1	0	1	1	0	1	0	1	0	1	0	0	1	0	0	0	0	0	0	0	0	0	0	0	1	1	1	0	0	1	0	0	0	0	0	0	1	1	0	0	1	1	(0.812002)

----------------------
BEST CHR INDEX : 99
1	1	1	0	0	1	0	1	1	1	1	1	1	1	1	0	1	0	0	0	1	1	0	0	1	0	0	1	0	0	0	1	1	1	1	1	1	0	0	1	0	0	1	1	0	1	0	0	1	1	1	1	1	0	0	0	0	0	1	0	0	1	1	1	1	1	1	1	1	1	0	0	1	0	0	1	1	0	(0.86631)

----------------------
BEST CHR INDEX : 90
1	1	1	1	1	1	1	1	1	1	1	1	0	0	1	0	1	0	0	0	1	1	0	1	1	0	0	1	0	1	0	1	1	1	0	1	1	0	0	0	0	1	1	1	0	1	0	0	0	0	0	0	1	1	0	0	0	0	1	0	0	0	0	1	1	1	1	1	1	1	1	0	0	0	0	0	1	0	(0.879992)

----------------------
BEST CHR INDEX : 82
1	1	1	0	1	1	0	0	1	1	0	1	0	1	1	1	0	1	1	1	0	1	1	0	1	0	0	0	0	1	0	0	0	1	0	0	1	0	1	1	1	0	1	1	1	0	0	1	1	1	1	1	1	0	0	1	0	0	0	1	0	1	1	1	1	0	1	1	1	1	0	1	0	0	1	0	1	0	(0.83066)

----------------------
BEST CHR INDEX : 96
1	1	1	0	0	0	1	1	0	1	1	1	1	0	0	0	0	0	0	0	1	0	0	1	0	0	0	1	0	0	1	0	1	0	0	0	0	1	0	1	1	1	1	0	1	0	0	1	0	1	1	1	0	0	0	1	1	0	0	0	1	0	1	0	0	1	0	0	1	1	1	0	1	1	1	1	1	1	(0.84131)

----------------------
BEST CHR INDEX : 71
1	1	0	0	1	1	0	0	0	1	1	0	1	0	1	1	0	0	1	1	0	1	0	1	1	0	1	1	1	1	1	0	0	1	0	0	0	0	0	1	1	1	0	1	1	1	0	0	0	1	1	0	0	0	0	1	0	1	0	0	0	1	1	1	1	1	0	0	0	1	1	0	1	1	0	0	1	1	(0.804837)

----------------------
BEST CHR INDEX : 98
1	1	1	0	1	0	0	1	1	1	1	0	0	1	1	1	0	0	1	1	1	1	0	0	1	1	0	1	1	1	1	0	1	0	0	0	0	0	1	0	0	1	1	0	1	1	0	0	1	1	0	0	1	0	0	0	0	0	0	0	0	0	0	1	0	0	0	0	0	0	1	0	1	1	1	1	1	1	(0.843093)

----------------------
BEST CHR INDEX : 35
1	1	0	0	1	0	1	0	1	1	1	0	1	1	1	1	1	1	1	1	1	0	1	1	1	1	1	1	1	0	0	0	1	1	1	1	0	1	1	0	0	0	1	0	1	1	0	0	0	0	1	1	1	0	0	1	1	0	0	0	1	0	0	1	1	0	0	0	0	1	0	1	0	0	0	0	1	0	(0.828775)

----------------------
BEST CHR INDEX : 39
1	1	1	0	1	0	1	0	1	1	1	0	1	1	0	1	1	1	1	1	0	1	1	0	0	0	0	1	0	0	0	0	1	1	0	0	1	1	1	1	1	1	1	1	1	0	1	0	1	1	0	0	1	1	0	1	0	0	1	0	1	0	0	0	1	0	1	1	1	1	0	0	0	0	1	1	1	1	(0.860851)

----------------------
BEST CHR INDEX : 69
1	1	1	1	0	0	0	1	0	1	0	0	0	1	0	1	0	0	1	0	0	0	0	1	1	0	0	1	0	1	0	0	0	1	1	0	0	1	0	1	1	0	1	0	1	1	0	1	0	0	0	0	0	0	0	1	0	0	1	0	1	0	0	1	1	1	0	0	1	1	1	1	1	0	0	0	0	1	(0.820856)

----------------------
BEST CHR INDEX : 14
1	1	1	1	1	1	0	1	1	1	0	0	0	0	1	1	1	0	0	1	1	0	1	0	1	0	1	1	1	0	0	0	1	1	0	0	0	0	0	1	0	1	1	1	1	1	0	1	1	1	0	0	1	1	1	1	0	1	0	1	1	0	0	0	1	0	1	0	0	1	1	0	0	1	1	0	1	1	(0.87344)

----------------------
BEST CHR INDEX : 80
1	1	1	1	1	0	1	1	0	1	1	0	0	1	0	1	1	0	0	0	0	0	0	0	1	1	1	0	0	0	1	0	1	1	0	1	1	0	0	1	0	1	0	1	0	0	1	1	1	0	1	1	1	1	1	1	1	0	0	0	0	0	1	1	0	0	0	0	0	1	1	1	1	1	1	0	0	0	(0.856819)

----------------------
BEST CHR INDEX : 50
1	1	0	1	1	0	1	1	1	1	1	1	1	1	0	1	1	0	0	0	1	0	0	1	1	0	0	1	0	1	0	0	0	1	1	1	1	1	1	1	1	1	1	1	0	1	1	1	0	0	0	1	0	0	0	0	1	0	0	0	1	0	1	1	1	1	0	1	0	1	1	1	0	1	1	1	0	0	(0.853315)

----------------------
BEST CHR INDEX : 37
1	1	1	0	1	0	0	1	0	0	0	1	1	0	0	1	1	0	1	0	0	1	0	0	1	0	0	0	1	0	0	1	0	0	1	1	1	0	0	1	1	1	0	1	1	1	0	0	0	0	1	1	0	0	0	1	0	0	0	0	0	0	0	0	1	1	1	1	1	0	0	1	1	0	1	0	0	0	(0.838235)

----------------------
BEST CHR INDEX : 90
1	1	0	1	1	1	0	1	1	1	0	0	1	1	0	1	1	0	0	0	0	0	0	0	1	0	1	1	0	1	0	0	0	1	1	1	1	1	1	1	1	1	0	0	0	1	1	1	1	1	1	1	0	0	0	0	0	0	0	0	1	0	0	1	1	1	1	1	0	1	1	1	0	1	1	1	0	0	(0.88057)

----------------------
BEST CHR INDEX : 69
1	1	1	1	0	0	1	1	1	1	1	0	1	1	0	1	1	1	0	1	0	1	1	0	0	0	0	0	0	1	1	1	1	0	0	1	1	1	0	1	1	1	1	0	0	1	1	0	0	0	0	1	0	1	0	1	1	0	1	0	0	1	1	0	0	0	0	0	1	1	1	1	0	0	0	0	0	0	(0.809895)

----------------------
BEST CHR INDEX : 54
1	1	0	0	1	1	1	1	0	0	0	0	1	0	0	1	1	0	1	0	0	1	0	0	1	0	1	1	1	1	0	0	0	1	0	1	1	1	1	1	1	1	0	0	0	0	1	1	1	0	1	1	1	0	0	1	0	0	0	0	0	0	1	1	1	1	0	0	0	0	1	1	1	0	1	1	0	0	(0.822591)

----------------------
BEST CHR INDEX : 26
1	1	1	1	0	0	0	1	1	1	1	1	0	1	1	0	1	0	0	1	0	1	1	0	0	0	1	0	1	1	1	0	1	0	1	0	0	0	1	0	0	0	0	1	0	1	0	1	0	0	1	1	0	0	0	1	1	0	0	1	0	1	0	1	0	0	1	1	0	0	1	0	1	1	0	1	0	0	(0.828699)

----------------------
BEST CHR INDEX : 18
1	1	1	0	0	1	1	1	0	1	1	0	1	0	0	1	1	0	0	0	0	0	0	0	1	0	0	0	1	1	0	0	1	1	1	1	1	0	0	1	1	1	0	1	0	0	1	1	0	0	0	0	0	1	0	1	1	0	0	0	0	0	1	0	0	0	1	0	1	1	0	1	1	0	0	0	0	1	(0.834059)

----------------------
BEST CHR INDEX : 51
1	1	1	1	0	1	1	1	1	1	1	1	1	0	1	1	1	0	1	0	1	0	0	1	0	1	0	1	0	0	0	1	0	0	0	0	0	0	0	1	1	1	0	1	0	0	0	0	1	1	0	1	0	0	0	0	0	1	1	1	0	0	1	1	1	1	0	0	0	1	1	1	1	1	1	0	0	1	(0.845365)

----------------------
BEST CHR INDEX : 46
0	1	0	0	1	1	1	1	0	0	1	1	0	1	0	1	1	0	1	1	1	0	0	0	1	1	0	0	0	0	1	0	1	1	0	1	1	1	0	1	1	1	0	1	0	1	0	0	0	0	0	0	1	1	1	0	0	0	1	0	1	1	1	1	1	0	0	0	0	1	1	1	0	0	1	1	0	1	(0.826805)

----------------------
BEST CHR INDEX : 32
1	1	1	0	0	1	1	1	1	1	0	1	0	0	0	0	0	1	0	1	1	1	1	1	1	0	0	0	1	0	1	0	1	1	1	1	1	0	1	0	0	1	1	0	1	1	1	1	1	1	1	1	1	1	1	1	0	0	1	0	0	0	0	1	0	0	0	0	1	1	1	1	1	0	0	1	1	1	(0.831194)

----------------------
BEST CHR INDEX : 16
1	1	1	0	0	0	1	1	1	1	1	1	1	1	1	1	1	1	0	1	1	0	1	0	1	0	0	0	0	0	0	1	1	1	0	1	0	1	1	0	0	1	0	1	1	0	1	1	1	0	1	1	1	0	0	1	1	0	1	0	0	0	1	1	0	0	0	0	0	1	0	0	0	1	1	1	1	0	(0.843137)

----------------------
BEST CHR INDEX : 96
1	1	1	1	1	1	1	1	0	0	1	1	1	0	0	0	1	0	0	1	0	1	0	0	1	0	0	0	0	1	1	1	1	1	1	0	0	0	0	1	0	1	0	1	0	0	0	0	0	0	1	0	0	1	1	0	0	0	1	0	1	0	0	1	0	1	0	0	0	1	1	0	1	0	1	1	0	0	(0.890629)

----------------------
BEST CHR INDEX : 40
1	1	1	1	0	1	0	1	1	0	1	1	1	0	1	0	1	0	0	1	0	1	0	0	1	0	0	0	0	1	1	0	1	1	0	0	0	0	0	1	0	1	1	1	0	0	0	0	0	0	1	0	0	1	1	0	0	0	1	0	1	0	0	1	0	1	0	0	0	1	1	0	1	0	0	1	0	0	(0.84893)

----------------------
BEST CHR INDEX : 9
1	1	1	1	1	1	1	1	1	0	1	0	0	0	0	0	1	0	0	0	1	0	1	0	0	0	0	1	1	1	0	1	0	1	0	0	0	1	0	0	0	1	1	0	0	1	1	1	1	0	0	0	1	0	1	1	0	0	0	1	1	0	1	1	1	1	1	1	0	0	1	0	1	0	1	1	0	0	(0.831926)

----------------------
BEST CHR INDEX : 14
0	1	1	1	1	1	1	0	1	0	1	1	1	1	1	0	1	1	0	1	0	1	0	0	0	1	0	1	0	1	0	0	0	1	1	1	1	0	1	0	0	0	0	0	1	1	0	0	0	0	1	1	1	1	1	0	0	0	0	0	1	0	1	1	1	1	0	1	0	0	1	1	1	1	1	1	0	0	(0.846651)

----------------------
BEST CHR INDEX : 92
1	1	1	1	1	1	1	0	1	0	1	1	1	1	1	0	1	1	0	1	0	1	0	0	0	1	0	1	0	1	0	0	0	1	1	1	1	0	1	0	0	0	0	0	0	1	0	0	0	0	1	1	1	1	1	0	0	0	0	0	1	0	1	1	1	1	0	1	0	0	1	1	1	1	1	1	0	0	(0.867991)

----------------------
BEST CHR INDEX : 78
1	1	0	1	1	1	0	1	1	0	0	0	1	1	1	0	0	0	0	0	1	0	0	1	0	0	0	0	0	1	1	0	0	1	1	1	1	0	1	0	0	0	0	1	0	1	0	0	0	0	0	0	0	1	1	0	1	0	1	0	1	1	0	1	0	0	1	0	1	0	1	0	0	0	1	0	1	0	(0.843256)

----------------------
BEST CHR INDEX : 85
1	1	0	1	1	0	0	1	1	1	1	1	1	1	1	0	1	0	1	0	1	0	1	0	1	1	0	0	0	1	0	1	0	0	0	1	1	1	0	1	1	1	0	0	0	1	0	0	0	0	0	1	0	1	0	1	1	0	0	0	1	0	1	0	0	1	1	1	1	1	1	0	0	0	1	0	0	0	(0.856459)

----------------------
BEST CHR INDEX : 41
1	0	1	1	1	0	1	1	1	1	1	1	1	1	1	1	0	1	0	0	0	0	0	0	1	0	1	1	1	0	0	1	0	1	1	0	1	0	0	0	1	1	0	1	1	1	0	0	0	0	1	1	0	0	0	0	0	0	0	0	1	1	0	1	0	0	0	0	0	1	0	0	0	0	0	1	1	1	(0.86031)

----------------------
BEST CHR INDEX : 49
1	1	0	1	1	0	1	0	0	1	1	0	1	1	0	1	1	0	1	1	1	0	0	0	1	0	0	0	1	0	1	0	0	1	0	1	1	1	1	1	1	1	0	1	1	1	1	1	0	0	0	0	1	1	1	0	0	0	1	0	1	1	1	1	0	0	1	1	1	1	1	0	1	0	0	0	0	0	(0.868984)

----------------------
BEST CHR INDEX : 53
1	1	1	1	1	1	1	1	0	1	0	1	1	1	0	1	1	1	1	0	1	1	0	1	0	0	1	0	0	1	0	0	0	0	1	0	1	0	0	0	0	1	0	0	1	0	0	0	0	0	1	0	1	0	0	1	0	0	0	0	0	0	1	1	0	0	1	1	0	1	1	0	1	0	0	0	0	1	(0.862618)

----------------------
BEST CHR INDEX : 66
1	1	1	1	1	1	1	1	0	0	0	1	1	1	0	1	1	1	1	0	1	1	0	0	0	0	1	0	1	0	0	1	0	0	1	1	1	0	1	0	0	1	1	1	1	1	0	0	0	0	0	0	1	0	0	1	0	0	0	0	0	0	0	0	0	0	1	1	0	1	1	0	1	0	1	0	0	1	(0.893004)

----------------------
BEST CHR INDEX : 60
1	1	0	1	0	1	0	1	1	0	0	1	1	1	0	1	1	0	1	1	1	1	0	0	1	1	0	0	0	0	0	0	0	0	0	0	0	1	1	1	1	1	0	0	0	1	1	1	0	0	0	0	0	0	0	0	0	0	0	0	0	0	1	1	1	0	1	1	1	0	1	1	1	0	1	0	0	1	(0.872804)

----------------------
BEST CHR INDEX : 14
1	1	0	1	1	1	0	1	1	1	0	1	1	1	0	1	1	1	1	0	1	1	0	1	1	0	0	0	0	0	1	0	0	0	0	1	0	1	1	1	1	1	0	1	0	0	0	1	0	0	0	0	1	0	0	0	0	0	0	0	0	0	1	0	0	0	0	0	1	0	1	0	1	0	0	0	0	1	(0.865865)

----------------------
BEST CHR INDEX : 91
1	1	1	0	1	1	0	1	0	1	1	0	0	1	0	0	1	1	1	1	0	0	0	0	0	1	1	0	0	1	0	0	0	1	1	1	1	0	1	1	0	1	1	1	0	1	1	0	1	1	0	0	0	0	0	1	1	0	0	0	0	1	1	0	0	0	0	0	0	1	0	0	0	0	0	1	1	1	(0.856745)

----------------------
BEST CHR INDEX : 62
1	1	1	1	1	1	1	1	0	0	1	1	1	0	0	1	0	0	0	1	1	0	0	0	0	0	1	0	0	1	1	0	1	1	0	1	1	1	1	1	1	0	1	0	1	0	0	0	0	0	0	0	1	1	1	0	0	0	0	0	1	0	1	0	1	0	1	0	0	1	0	0	0	0	1	0	0	0	(0.852559)

----------------------
BEST CHR INDEX : 39
1	1	1	1	1	1	0	1	0	0	1	1	1	0	0	1	1	0	0	1	1	0	1	0	1	0	1	1	1	1	0	0	1	1	0	1	1	1	0	1	1	0	0	1	0	1	1	1	1	0	1	0	1	0	0	1	0	0	0	0	0	0	0	0	1	0	0	0	1	1	1	1	0	1	0	0	0	0	(0.851183)

----------------------
BEST CHR INDEX : 37
1	1	1	1	1	0	0	0	0	0	0	1	1	1	0	1	1	0	0	1	0	1	1	0	0	0	0	1	0	1	0	0	1	0	1	1	1	1	1	1	1	0	1	1	1	1	0	0	0	0	0	0	0	1	1	0	0	0	0	0	0	1	1	1	1	0	1	1	1	0	0	1	1	1	0	0	0	0	(0.860277)

----------------------
BEST CHR INDEX : 82
1	1	1	1	1	0	0	0	0	1	0	0	1	1	0	1	1	0	0	1	1	1	1	0	0	0	0	1	0	1	0	0	1	0	1	1	1	1	1	1	1	1	1	1	1	1	0	0	0	0	0	0	0	1	1	0	0	0	0	0	0	1	1	1	1	0	1	1	0	0	0	1	1	1	0	0	0	0	(0.865372)

----------------------
BEST CHR INDEX : 93
1	1	1	1	1	0	0	1	0	1	0	0	1	1	0	1	1	0	0	0	0	1	1	1	0	0	0	1	1	1	1	0	1	0	1	1	1	0	1	1	1	1	1	0	1	1	0	0	0	0	0	0	0	1	1	0	0	0	0	0	0	1	1	1	1	0	1	1	0	1	0	1	1	1	0	0	0	0	(0.847618)

----------------------
BEST CHR INDEX : 10
1	1	0	1	1	1	0	1	1	1	1	0	0	1	0	1	1	1	0	0	0	0	1	0	0	0	1	0	0	0	1	1	0	1	0	1	1	1	0	1	1	0	0	0	0	0	1	0	0	0	0	1	0	0	0	1	0	0	0	0	0	0	0	1	1	1	1	1	0	1	1	1	1	0	0	0	0	1	(0.845938)

----------------------
BEST CHR INDEX : 45
1	1	1	1	1	1	1	1	0	1	0	1	1	1	1	0	1	0	0	1	1	0	1	0	0	1	1	0	0	1	0	1	1	0	0	0	0	0	0	1	0	1	0	1	0	1	0	0	0	1	0	0	0	0	0	0	1	0	0	0	0	1	1	1	0	0	1	0	0	1	0	0	1	0	1	1	0	1	(0.85018)

----------------------
BEST CHR INDEX : 14
1	1	0	0	1	1	0	1	1	1	1	0	1	0	0	1	0	1	0	1	1	1	1	0	1	1	1	0	0	1	0	0	0	1	0	1	1	0	1	0	0	1	0	0	0	1	1	1	1	1	0	0	0	0	1	0	0	0	0	1	1	0	0	0	1	0	1	0	1	1	0	1	1	1	0	0	1	1	(0.880281)

----------------------
BEST CHR INDEX : 44
1	1	1	1	1	0	1	0	1	1	1	1	1	1	0	1	0	1	1	1	0	1	1	1	0	1	1	0	1	1	1	0	1	1	1	1	1	1	0	0	1	1	0	0	1	0	1	1	0	0	1	1	1	1	1	0	1	1	0	0	1	1	0	0	0	0	1	0	1	0	0	0	0	0	0	0	0	0	(0.845644)

----------------------
BEST CHR INDEX : 73
1	1	1	1	1	1	1	1	1	0	0	0	1	0	1	1	1	0	1	0	1	0	0	1	0	0	0	1	0	0	1	1	0	0	0	1	1	0	1	0	1	0	0	1	1	1	0	0	0	0	0	0	0	1	1	0	0	0	1	1	1	1	0	1	1	1	1	0	0	1	1	1	1	0	0	0	1	0	(0.831286)

----------------------
BEST CHR INDEX : 66
1	1	1	1	1	1	0	0	1	1	1	1	1	1	0	1	0	0	1	1	0	0	1	1	0	1	0	1	1	1	0	1	0	0	0	1	1	0	1	1	0	0	1	0	1	0	0	0	0	0	1	1	0	0	0	1	1	0	0	0	1	0	1	1	1	0	0	0	1	1	0	0	0	0	1	1	1	1	(0.861705)

----------------------
BEST CHR INDEX : 89
1	1	1	1	1	1	0	0	1	1	1	1	1	1	0	1	0	0	1	1	0	0	1	1	0	1	0	1	1	1	0	1	0	0	0	1	1	0	1	1	0	0	1	0	1	0	0	0	0	0	1	1	0	0	0	0	1	0	0	0	1	0	1	1	1	0	0	0	1	1	0	0	0	0	1	1	1	0	(0.863167)

----------------------
BEST CHR INDEX : 8
0	1	0	1	1	1	0	1	0	0	1	1	0	1	1	1	1	1	0	1	1	1	0	1	1	0	1	1	0	1	1	1	0	1	1	1	1	0	0	0	1	0	1	0	1	0	1	0	0	0	0	0	1	1	1	0	0	1	0	0	1	1	0	0	1	0	1	1	0	0	0	1	1	0	0	0	0	0	(0.869297)

----------------------
BEST CHR INDEX : 58
1	1	1	1	1	1	1	0	0	0	0	1	0	1	1	1	1	1	0	0	0	0	1	1	0	1	0	1	1	1	0	0	1	0	1	0	0	0	1	0	0	1	0	1	1	1	0	0	0	0	1	1	0	0	0	1	1	0	0	0	1	1	0	0	1	0	0	1	1	0	1	1	0	1	0	1	1	1	(0.86395)

----------------------
BEST CHR INDEX : 43
1	1	1	0	1	1	0	1	0	1	0	1	0	1	1	0	0	0	1	1	0	0	1	0	0	0	0	1	1	0	0	0	1	1	1	1	1	1	1	1	1	0	0	0	1	1	0	1	1	1	0	1	0	0	0	0	0	0	0	0	0	1	0	1	1	0	0	0	0	0	0	1	0	0	0	1	0	0	(0.834059)

----------------------
BEST CHR INDEX : 54
1	1	1	1	0	1	0	1	1	0	1	0	0	0	0	1	1	0	0	0	1	1	1	0	1	0	0	1	1	1	0	1	1	0	0	0	0	1	1	1	1	1	0	1	1	1	0	0	0	0	0	0	0	0	1	0	0	0	1	0	0	1	1	1	1	1	1	0	1	0	0	1	0	0	0	1	1	1	(0.843982)

----------------------
BEST CHR INDEX : 79
1	1	1	0	1	1	1	1	1	1	1	1	0	0	0	0	1	0	1	0	0	1	1	1	0	0	0	0	0	1	0	0	1	0	0	1	1	0	1	0	1	0	0	1	0	0	1	1	1	1	0	0	0	1	0	0	0	0	0	0	0	1	0	0	0	1	0	0	0	1	1	0	1	0	0	0	0	0	(0.852169)

----------------------
BEST CHR INDEX : 84
1	1	1	0	1	1	1	1	1	1	1	1	0	0	0	0	1	0	1	0	0	0	1	1	0	0	0	0	0	1	1	0	1	0	0	1	1	0	1	0	0	0	0	1	0	0	1	1	1	1	0	0	0	1	0	0	0	0	0	0	0	1	1	0	0	1	0	0	0	1	1	0	1	0	1	0	0	0	(0.860071)

----------------------
BEST CHR INDEX : 58
1	1	0	1	1	1	1	0	1	0	0	1	1	0	1	1	0	1	1	0	1	1	0	0	1	0	0	1	1	0	0	0	1	0	0	1	1	1	1	1	1	1	1	1	1	0	1	1	0	1	0	0	0	0	0	0	1	0	1	0	0	0	1	0	0	0	0	0	1	0	1	1	1	0	1	0	0	0	(0.854255)

----------------------
BEST CHR INDEX : 89
1	1	0	1	1	1	1	0	1	0	0	1	1	0	1	1	1	1	1	0	1	1	0	0	1	0	0	1	1	0	0	0	1	0	0	1	1	1	1	1	1	1	1	1	1	0	1	1	0	1	0	0	0	0	0	0	1	0	1	0	0	0	1	0	0	0	0	0	1	0	1	1	1	0	1	0	0	0	(0.862167)

----------------------
BEST CHR INDEX : 71
1	1	1	0	1	1	1	1	0	1	1	1	1	0	0	1	0	0	1	1	0	1	0	0	1	1	1	0	1	1	0	1	1	1	0	1	0	1	1	0	1	1	0	0	0	1	0	1	0	0	1	1	0	1	1	0	0	1	1	1	0	1	0	1	1	0	1	1	1	1	0	1	1	0	1	0	0	0	(0.839227)

----------------------
BEST CHR INDEX : 51
1	1	1	1	1	1	0	0	1	1	1	0	1	0	1	0	0	1	0	1	0	0	1	0	0	1	0	0	0	0	1	1	0	1	1	0	0	1	1	1	1	1	1	1	0	1	0	0	0	0	1	1	0	1	0	0	0	0	1	0	0	0	0	1	0	0	1	1	1	1	1	0	1	1	1	0	0	0	(0.875645)

----------------------
BEST CHR INDEX : 54
1	1	1	0	1	1	1	0	0	1	0	1	1	1	1	1	1	1	1	1	0	0	1	1	0	0	0	0	1	0	1	0	1	0	1	1	0	0	1	0	0	1	0	0	0	0	0	1	1	1	1	1	0	0	1	0	0	0	0	0	1	0	0	0	1	0	0	1	1	0	1	0	0	0	0	0	1	0	(0.85018)

----------------------
BEST CHR INDEX : 64
1	1	1	1	0	1	1	1	0	0	0	1	1	1	1	1	1	0	1	1	1	1	1	0	0	0	0	1	0	0	1	0	0	0	0	1	1	1	0	1	1	1	1	1	0	1	0	0	0	0	0	0	0	1	0	0	1	0	1	0	1	0	0	0	1	0	1	1	1	0	1	0	0	0	0	1	0	0	(0.826135)

----------------------
BEST CHR INDEX : 56
1	1	0	1	1	1	1	0	1	1	1	1	1	1	0	1	1	0	1	0	0	0	1	0	0	0	0	0	1	0	1	0	1	0	1	0	1	0	1	0	0	1	0	1	0	0	1	1	0	0	0	0	0	0	1	1	0	0	0	0	1	0	0	0	0	1	0	0	1	1	0	0	0	1	0	0	1	0	(0.832442)

----------------------
BEST CHR INDEX : 50
1	1	1	1	1	1	0	1	1	1	0	0	1	1	1	0	1	0	0	1	0	1	0	0	1	0	0	1	1	1	1	0	1	0	0	1	1	1	1	1	1	0	0	1	1	0	0	0	0	0	1	1	1	1	0	1	0	0	0	0	1	1	1	1	1	1	0	0	0	1	1	0	0	0	0	1	0	1	(0.818182)

----------------------
BEST CHR INDEX : 65
1	1	1	1	1	1	0	1	1	1	0	0	1	1	1	1	1	0	0	1	0	1	0	0	1	0	0	1	1	1	1	0	1	0	0	1	1	1	1	1	1	0	0	1	1	0	0	0	0	0	1	1	1	1	0	1	0	0	0	0	1	1	1	1	1	0	0	0	0	1	1	0	0	1	0	1	0	1	(0.850267)

----------------------
BEST CHR INDEX : 85
1	1	1	1	1	1	0	1	0	1	0	0	0	1	1	1	1	0	1	0	1	0	0	1	0	1	0	1	0	0	0	1	1	0	1	0	1	1	0	0	0	0	1	1	0	1	1	0	0	0	0	1	0	0	0	0	0	1	0	1	1	0	0	0	0	0	1	0	0	1	0	0	0	0	0	0	1	1	(0.849822)

----------------------
BEST CHR INDEX : 65
1	1	1	1	1	1	1	1	1	1	1	0	0	0	0	0	0	0	1	1	1	0	0	1	1	0	0	1	1	1	1	0	1	1	0	1	1	1	0	0	1	0	1	1	0	0	1	0	1	0	0	1	1	0	1	0	0	0	0	0	0	0	0	0	0	1	0	0	1	1	0	0	1	1	0	1	0	0	(0.806527)

----------------------
BEST CHR INDEX : 67
1	1	0	1	0	1	0	1	1	1	1	1	1	0	0	1	1	0	1	1	1	0	1	1	0	1	1	0	0	1	1	0	1	0	1	1	1	0	1	1	0	1	1	1	0	0	1	0	1	1	0	0	0	0	0	1	1	0	0	0	1	1	0	0	1	0	1	1	0	1	0	1	1	0	0	1	1	0	(0.83066)

----------------------
BEST CHR INDEX : 88
1	1	1	1	1	1	1	1	1	0	0	1	0	1	0	1	0	0	0	0	0	1	0	1	1	0	1	1	1	1	1	0	1	1	0	1	1	0	0	0	0	1	1	1	0	0	1	0	1	1	1	1	0	0	1	0	0	0	0	0	0	0	0	1	0	0	0	0	0	1	1	1	0	1	1	1	0	0	(0.863589)

----------------------
BEST CHR INDEX : 30
1	1	0	1	1	0	1	1	1	1	1	1	0	1	1	1	0	1	0	0	0	0	1	1	1	1	0	0	1	1	1	0	0	0	0	0	1	1	1	1	0	1	1	0	0	1	0	0	0	0	0	1	0	1	1	1	1	0	0	0	1	1	1	0	1	0	1	1	1	0	1	0	1	0	0	0	1	0	(0.837688)

----------------------
